2024-04-14 19:30:50,856 - CAN Wrapper -  [INFO   ] - Existing logging Handler: /home/dcs/git/canmops/log/2024-04-14_19-30-48_CAN_Wrapper.log
2024-04-14 19:30:50,856 - CAN Wrapper -  [NOTICE ] - Loading CAN settings from the file /home/dcs/git/canmops/config_files/socketcan_CANSettings.yml produced on Sun Apr 14 17:57:37 2024
2024-04-14 19:30:50,858 - CAN Wrapper -  [INFO   ] - Found channel:0 with bitrate:125000, sample point:0.5, SJW:4, tesg1:7, tseg2:8
2024-04-14 19:30:50,858 - CAN Wrapper -  [INFO   ] - Updating settings channel:0 bitrate:125000  sjw:4 tseg1:7 tseg2:8 IP Address:None
2024-04-14 19:30:50,858 - CAN Wrapper -  [INFO   ] - Resetting CAN Interface as soon as communication threads are finished
2024-04-14 19:30:50,859 - CAN Wrapper -  [INFO   ] - Channel 0 is set
2024-04-14 19:30:50,859 - CAN Wrapper -  [INFO   ] - Resetting of CAN Interface finished. Returning to communication.
2024-04-14 19:30:50,859 - CAN Wrapper -  [NOTICE ] - Going in 'Bus On' state ...
2024-04-14 19:30:50,859 - CAN Wrapper -  [NOTICE ] - Going in 'Bus On' state ...
2024-04-14 19:30:50,862 - CAN Wrapper -  [INFO   ] - socketcan: Using socketcan channel 'can0', Bitrate:125000
2024-04-14 19:30:50,862 - CAN Wrapper -  [SUCCESS] - Using socketcan channel 'can0', Bitrate:125000
2024-04-14 19:30:50,862 - CAN Wrapper -  [SUCCESS] - ....Done Initialization!
2024-04-14 19:30:50,862 - CAN Wrapper -  [SUCCESS] - ....Done Initialization!
2024-04-14 19:30:51,765 - CAN Wrapper -  [NOTICE ] - Reading an object via |SDO|
2024-04-14 19:30:51,766 - CAN Wrapper -  [NOTICE ] - Starting CAN Connection ...
2024-04-14 19:30:51,766 - CAN Wrapper -  [INFO   ] - Send SDO read request to node 0.
2024-04-14 19:30:52,766 - CAN Wrapper -  [INFO   ] - SDO read response timeout (node 0, index 1000:00)
2024-04-14 19:30:55,421 - CAN Wrapper -  [NOTICE ] - Reading an object via |SDO|
2024-04-14 19:30:55,422 - CAN Wrapper -  [NOTICE ] - Starting CAN Connection ...
2024-04-14 19:30:55,422 - CAN Wrapper -  [INFO   ] - Send SDO read request to node 3.
2024-04-14 19:30:55,430 - CAN Wrapper -  [REPORT ] - 583 8   43  00  10  00  91  01  00  00  19:30:55
2024-04-14 19:30:55,430 - CAN Wrapper -  [REPORT ] - Got data: [145, 1, 0]
2024-04-14 19:30:56,253 - CAN Wrapper -  [NOTICE ] - Reading an object via |SDO|
2024-04-14 19:30:56,253 - CAN Wrapper -  [NOTICE ] - Starting CAN Connection ...
2024-04-14 19:30:56,254 - CAN Wrapper -  [INFO   ] - Send SDO read request to node 3.
2024-04-14 19:30:56,262 - CAN Wrapper -  [REPORT ] - 583 8   43  00  10  00  91  01  00  00  19:30:56
2024-04-14 19:30:56,262 - CAN Wrapper -  [REPORT ] - Got data: [145, 1, 0]
