2024-04-14 19:30:27,410 - CAN Wrapper -  [INFO   ] - Existing logging Handler: /home/dcs/git/canmops/log/2024-04-14_19-30-27_CAN_Wrapper.log
2024-04-14 19:30:27,410 - CAN Wrapper -  [NOTICE ] - Loading CAN settings from the file /home/dcs/git/canmops/config_files/socketcan_CANSettings.yml produced on Sun Apr 14 17:57:37 2024
2024-04-14 19:30:27,412 - CAN Wrapper -  [INFO   ] - Found channel:0 with bitrate:125000, sample point:0.5, SJW:4, tesg1:7, tseg2:8
2024-04-14 19:30:27,413 - CAN Wrapper -  [INFO   ] - Updating settings channel:0 bitrate:125000  sjw:4 tseg1:7 tseg2:8 IP Address:None
2024-04-14 19:30:27,413 - CAN Wrapper -  [INFO   ] - Resetting CAN Interface as soon as communication threads are finished
2024-04-14 19:30:27,413 - CAN Wrapper -  [INFO   ] - Channel 0 is set
2024-04-14 19:30:27,413 - CAN Wrapper -  [INFO   ] - Resetting of CAN Interface finished. Returning to communication.
2024-04-14 19:30:27,413 - CAN Wrapper -  [NOTICE ] - Going in 'Bus On' state ...
2024-04-14 19:30:27,413 - CAN Wrapper -  [NOTICE ] - Going in 'Bus On' state ...
2024-04-14 19:30:27,416 - CAN Wrapper -  [INFO   ] - socketcan: Using socketcan channel 'can0', Bitrate:125000
2024-04-14 19:30:27,416 - CAN Wrapper -  [SUCCESS] - Using socketcan channel 'can0', Bitrate:125000
2024-04-14 19:30:27,416 - CAN Wrapper -  [SUCCESS] - ....Done Initialization!
2024-04-14 19:30:27,416 - CAN Wrapper -  [SUCCESS] - ....Done Initialization!
2024-04-14 19:30:27,417 - CAN Wrapper -  [NOTICE ] - Reading an object via |SDO|
2024-04-14 19:30:27,417 - CAN Wrapper -  [NOTICE ] - Starting CAN Connection ...
2024-04-14 19:30:27,417 - CAN Wrapper -  [INFO   ] - Send SDO read request to node 3.
2024-04-14 19:30:27,425 - CAN Wrapper -  [REPORT ] - 583 8   43  00  10  00  91  01  00  00  19:30:27
2024-04-14 19:30:27,426 - CAN Wrapper -  [REPORT ] - Got data: [145, 1, 0]
2024-04-14 19:30:27,426 - CAN Wrapper -  [INFO   ] - Reading ADC channels of Mops with ID 3
2024-04-14 19:30:27,489 - CAN Wrapper -  [REPORT ] - Got data for channel 3: = 0.008
2024-04-14 19:30:27,504 - CAN Wrapper -  [REPORT ] - Got data for channel 4: = 0.008
2024-04-14 19:30:27,518 - CAN Wrapper -  [REPORT ] - Got data for channel 5: = 0.006
2024-04-14 19:30:27,533 - CAN Wrapper -  [REPORT ] - Got data for channel 6: = 0.007
2024-04-14 19:30:27,547 - CAN Wrapper -  [REPORT ] - Got data for channel 7: = 0.009
2024-04-14 19:30:27,561 - CAN Wrapper -  [REPORT ] - Got data for channel 8: = 0.007
2024-04-14 19:30:27,575 - CAN Wrapper -  [REPORT ] - Got data for channel 9: = 0.005
2024-04-14 19:30:27,590 - CAN Wrapper -  [REPORT ] - Got data for channel 10: = 0.008
2024-04-14 19:30:27,604 - CAN Wrapper -  [REPORT ] - Got data for channel 11: = 0.008
2024-04-14 19:30:27,618 - CAN Wrapper -  [REPORT ] - Got data for channel 12: = 0.005
2024-04-14 19:30:27,633 - CAN Wrapper -  [REPORT ] - Got data for channel 13: = 0.007
2024-04-14 19:30:27,647 - CAN Wrapper -  [REPORT ] - Got data for channel 14: = 0.008
2024-04-14 19:30:27,661 - CAN Wrapper -  [REPORT ] - Got data for channel 15: = 0.006
2024-04-14 19:30:27,675 - CAN Wrapper -  [REPORT ] - Got data for channel 16: = 0.006
2024-04-14 19:30:27,689 - CAN Wrapper -  [REPORT ] - Got data for channel 17: = 0.914
2024-04-14 19:30:27,704 - CAN Wrapper -  [REPORT ] - Got data for channel 18: = 0.007
2024-04-14 19:30:27,718 - CAN Wrapper -  [REPORT ] - Got data for channel 19: = 0.002
2024-04-14 19:30:27,732 - CAN Wrapper -  [REPORT ] - Got data for channel 20: = 0.005
2024-04-14 19:30:27,746 - CAN Wrapper -  [REPORT ] - Got data for channel 21: = 0.007
2024-04-14 19:30:27,761 - CAN Wrapper -  [REPORT ] - Got data for channel 22: = 0.004
2024-04-14 19:30:27,775 - CAN Wrapper -  [REPORT ] - Got data for channel 23: = 0.004
2024-04-14 19:30:27,789 - CAN Wrapper -  [REPORT ] - Got data for channel 24: = 0.007
2024-04-14 19:30:27,803 - CAN Wrapper -  [REPORT ] - Got data for channel 25: = 0.007
2024-04-14 19:30:27,818 - CAN Wrapper -  [REPORT ] - Got data for channel 26: = 0.004
2024-04-14 19:30:27,832 - CAN Wrapper -  [REPORT ] - Got data for channel 27: = 0.006
2024-04-14 19:30:27,846 - CAN Wrapper -  [REPORT ] - Got data for channel 28: = 0.006
2024-04-14 19:30:27,861 - CAN Wrapper -  [REPORT ] - Got data for channel 29: = 0.004
2024-04-14 19:30:27,875 - CAN Wrapper -  [REPORT ] - Got data for channel 30: = 0.004
2024-04-14 19:30:27,889 - CAN Wrapper -  [REPORT ] - Got data for channel 31: = 0.007
2024-04-14 19:30:27,903 - CAN Wrapper -  [REPORT ] - Got data for channel 32: = 0.006
2024-04-14 19:30:27,917 - CAN Wrapper -  [REPORT ] - Got data for channel 33: = 0.004
2024-04-14 19:30:27,931 - CAN Wrapper -  [REPORT ] - Got data for channel 34: = 0.007
2024-04-14 19:30:27,946 - CAN Wrapper -  [REPORT ] - Got data for channel 3: = 0.009
2024-04-14 19:30:27,960 - CAN Wrapper -  [REPORT ] - Got data for channel 4: = 0.006
2024-04-14 19:30:27,975 - CAN Wrapper -  [REPORT ] - Got data for channel 5: = 0.007
2024-04-14 19:30:27,989 - CAN Wrapper -  [REPORT ] - Got data for channel 6: = 0.009
2024-04-14 19:30:28,004 - CAN Wrapper -  [REPORT ] - Got data for channel 7: = 0.008
2024-04-14 19:30:28,018 - CAN Wrapper -  [REPORT ] - Got data for channel 8: = 0.006
2024-04-14 19:30:28,032 - CAN Wrapper -  [REPORT ] - Got data for channel 9: = 0.007
2024-04-14 19:30:28,047 - CAN Wrapper -  [REPORT ] - Got data for channel 10: = 0.011
2024-04-14 19:30:28,061 - CAN Wrapper -  [REPORT ] - Got data for channel 11: = 0.007
2024-04-14 19:30:28,076 - CAN Wrapper -  [REPORT ] - Got data for channel 12: = 0.006
2024-04-14 19:30:28,090 - CAN Wrapper -  [REPORT ] - Got data for channel 13: = 0.008
2024-04-14 19:30:28,104 - CAN Wrapper -  [REPORT ] - Got data for channel 14: = 0.008
2024-04-14 19:30:28,119 - CAN Wrapper -  [REPORT ] - Got data for channel 15: = 0.005
2024-04-14 19:30:28,133 - CAN Wrapper -  [REPORT ] - Got data for channel 16: = 0.006
2024-04-14 19:30:28,147 - CAN Wrapper -  [REPORT ] - Got data for channel 17: = 0.913
2024-04-14 19:30:28,162 - CAN Wrapper -  [REPORT ] - Got data for channel 18: = 0.006
2024-04-14 19:30:28,177 - CAN Wrapper -  [REPORT ] - Got data for channel 19: = 0.003
2024-04-14 19:30:28,191 - CAN Wrapper -  [REPORT ] - Got data for channel 20: = 0.006
2024-04-14 19:30:28,206 - CAN Wrapper -  [REPORT ] - Got data for channel 21: = 0.007
2024-04-14 19:30:28,220 - CAN Wrapper -  [REPORT ] - Got data for channel 22: = 0.005
2024-04-14 19:30:28,234 - CAN Wrapper -  [REPORT ] - Got data for channel 23: = 0.005
2024-04-14 19:30:28,248 - CAN Wrapper -  [REPORT ] - Got data for channel 24: = 0.004
2024-04-14 19:30:28,263 - CAN Wrapper -  [REPORT ] - Got data for channel 25: = 0.006
2024-04-14 19:30:28,277 - CAN Wrapper -  [REPORT ] - Got data for channel 26: = 0.003
2024-04-14 19:30:28,291 - CAN Wrapper -  [REPORT ] - Got data for channel 27: = 0.007
2024-04-14 19:30:28,305 - CAN Wrapper -  [REPORT ] - Got data for channel 28: = 0.004
2024-04-14 19:30:28,319 - CAN Wrapper -  [REPORT ] - Got data for channel 29: = 0.004
2024-04-14 19:30:28,334 - CAN Wrapper -  [REPORT ] - Got data for channel 30: = 0.004
2024-04-14 19:30:28,348 - CAN Wrapper -  [REPORT ] - Got data for channel 31: = 0.007
2024-04-14 19:30:28,362 - CAN Wrapper -  [REPORT ] - Got data for channel 32: = 0.005
2024-04-14 19:30:28,377 - CAN Wrapper -  [REPORT ] - Got data for channel 33: = 0.005
2024-04-14 19:30:28,391 - CAN Wrapper -  [REPORT ] - Got data for channel 34: = 0.007
2024-04-14 19:30:28,406 - CAN Wrapper -  [REPORT ] - Got data for channel 3: = 0.008
2024-04-14 19:30:28,420 - CAN Wrapper -  [REPORT ] - Got data for channel 4: = 0.007
2024-04-14 19:30:28,434 - CAN Wrapper -  [REPORT ] - Got data for channel 5: = 0.006
2024-04-14 19:30:28,448 - CAN Wrapper -  [REPORT ] - Got data for channel 6: = 0.008
2024-04-14 19:30:28,462 - CAN Wrapper -  [REPORT ] - Got data for channel 7: = 0.007
2024-04-14 19:30:28,477 - CAN Wrapper -  [REPORT ] - Got data for channel 8: = 0.006
2024-04-14 19:30:28,491 - CAN Wrapper -  [REPORT ] - Got data for channel 9: = 0.008
2024-04-14 19:30:28,505 - CAN Wrapper -  [REPORT ] - Got data for channel 10: = 0.009
2024-04-14 19:30:28,519 - CAN Wrapper -  [REPORT ] - Got data for channel 11: = 0.006
2024-04-14 19:30:28,534 - CAN Wrapper -  [REPORT ] - Got data for channel 12: = 0.007
2024-04-14 19:30:28,548 - CAN Wrapper -  [REPORT ] - Got data for channel 13: = 0.008
2024-04-14 19:30:28,562 - CAN Wrapper -  [REPORT ] - Got data for channel 14: = 0.007
2024-04-14 19:30:28,576 - CAN Wrapper -  [REPORT ] - Got data for channel 15: = 0.005
2024-04-14 19:30:28,591 - CAN Wrapper -  [REPORT ] - Got data for channel 16: = 0.007
2024-04-14 19:30:28,605 - CAN Wrapper -  [REPORT ] - Got data for channel 17: = 0.914
2024-04-14 19:30:28,619 - CAN Wrapper -  [REPORT ] - Got data for channel 18: = 0.005
2024-04-14 19:30:28,634 - CAN Wrapper -  [REPORT ] - Got data for channel 19: = 0.004
2024-04-14 19:30:28,648 - CAN Wrapper -  [REPORT ] - Got data for channel 20: = 0.007
2024-04-14 19:30:28,662 - CAN Wrapper -  [REPORT ] - Got data for channel 21: = 0.006
2024-04-14 19:30:28,676 - CAN Wrapper -  [REPORT ] - Got data for channel 22: = 0.004
2024-04-14 19:30:28,691 - CAN Wrapper -  [REPORT ] - Got data for channel 23: = 0.007
2024-04-14 19:30:28,705 - CAN Wrapper -  [REPORT ] - Got data for channel 24: = 0.007
2024-04-14 19:30:28,720 - CAN Wrapper -  [REPORT ] - Got data for channel 25: = 0.004
2024-04-14 19:30:28,734 - CAN Wrapper -  [REPORT ] - Got data for channel 26: = 0.004
2024-04-14 19:30:28,749 - CAN Wrapper -  [REPORT ] - Got data for channel 27: = 0.008
2024-04-14 19:30:28,763 - CAN Wrapper -  [REPORT ] - Got data for channel 28: = 0.006
2024-04-14 19:30:28,777 - CAN Wrapper -  [REPORT ] - Got data for channel 29: = 0.004
2024-04-14 19:30:28,791 - CAN Wrapper -  [REPORT ] - Got data for channel 30: = 0.006
2024-04-14 19:30:28,805 - CAN Wrapper -  [REPORT ] - Got data for channel 31: = 0.007
2024-04-14 19:30:28,819 - CAN Wrapper -  [REPORT ] - Got data for channel 32: = 0.004
2024-04-14 19:30:28,834 - CAN Wrapper -  [REPORT ] - Got data for channel 33: = 0.005
2024-04-14 19:30:28,848 - CAN Wrapper -  [REPORT ] - Got data for channel 34: = 0.01
2024-04-14 19:30:28,863 - CAN Wrapper -  [REPORT ] - Got data for channel 3: = 0.007
2024-04-14 19:30:28,877 - CAN Wrapper -  [REPORT ] - Got data for channel 4: = 0.004
2024-04-14 19:30:28,891 - CAN Wrapper -  [REPORT ] - Got data for channel 5: = 0.007
2024-04-14 19:30:28,905 - CAN Wrapper -  [REPORT ] - Got data for channel 6: = 0.009
2024-04-14 19:30:28,919 - CAN Wrapper -  [REPORT ] - Got data for channel 7: = 0.007
2024-04-14 19:30:28,933 - CAN Wrapper -  [REPORT ] - Got data for channel 8: = 0.007
2024-04-14 19:30:28,948 - CAN Wrapper -  [REPORT ] - Got data for channel 9: = 0.01
2024-04-14 19:30:28,962 - CAN Wrapper -  [REPORT ] - Got data for channel 10: = 0.007
2024-04-14 19:30:28,976 - CAN Wrapper -  [REPORT ] - Got data for channel 11: = 0.005
2024-04-14 19:30:28,991 - CAN Wrapper -  [REPORT ] - Got data for channel 12: = 0.007
2024-04-14 19:30:29,005 - CAN Wrapper -  [REPORT ] - Got data for channel 13: = 0.009
2024-04-14 19:30:29,019 - CAN Wrapper -  [REPORT ] - Got data for channel 14: = 0.007
2024-04-14 19:30:29,033 - CAN Wrapper -  [REPORT ] - Got data for channel 15: = 0.005
2024-04-14 19:30:29,048 - CAN Wrapper -  [REPORT ] - Got data for channel 16: = 0.008
2024-04-14 19:30:29,062 - CAN Wrapper -  [REPORT ] - Got data for channel 17: = 0.913
2024-04-14 19:30:29,076 - CAN Wrapper -  [REPORT ] - Got data for channel 18: = 0.003
2024-04-14 19:30:29,091 - CAN Wrapper -  [REPORT ] - Got data for channel 19: = 0.007
2024-04-14 19:30:29,105 - CAN Wrapper -  [REPORT ] - Got data for channel 20: = 0.008
2024-04-14 19:30:29,119 - CAN Wrapper -  [REPORT ] - Got data for channel 21: = 0.002
2024-04-14 19:30:29,133 - CAN Wrapper -  [REPORT ] - Got data for channel 22: = 0.004
2024-04-14 19:30:29,147 - CAN Wrapper -  [REPORT ] - Got data for channel 23: = 0.004
2024-04-14 19:30:29,162 - CAN Wrapper -  [REPORT ] - Got data for channel 24: = 0.005
2024-04-14 19:30:29,176 - CAN Wrapper -  [REPORT ] - Got data for channel 25: = 0.004
2024-04-14 19:30:29,191 - CAN Wrapper -  [REPORT ] - Got data for channel 26: = 0.006
2024-04-14 19:30:29,205 - CAN Wrapper -  [REPORT ] - Got data for channel 27: = 0.006
2024-04-14 19:30:29,220 - CAN Wrapper -  [REPORT ] - Got data for channel 28: = 0.005
2024-04-14 19:30:29,234 - CAN Wrapper -  [REPORT ] - Got data for channel 29: = 0.003
2024-04-14 19:30:29,248 - CAN Wrapper -  [REPORT ] - Got data for channel 30: = 0.007
2024-04-14 19:30:29,262 - CAN Wrapper -  [REPORT ] - Got data for channel 31: = 0.006
2024-04-14 19:30:29,276 - CAN Wrapper -  [REPORT ] - Got data for channel 32: = 0.003
2024-04-14 19:30:29,291 - CAN Wrapper -  [REPORT ] - Got data for channel 33: = 0.007
2024-04-14 19:30:29,305 - CAN Wrapper -  [REPORT ] - Got data for channel 34: = 0.01
2024-04-14 19:30:29,320 - CAN Wrapper -  [REPORT ] - Got data for channel 3: = 0.005
2024-04-14 19:30:29,334 - CAN Wrapper -  [REPORT ] - Got data for channel 4: = 0.005
2024-04-14 19:30:29,348 - CAN Wrapper -  [REPORT ] - Got data for channel 5: = 0.008
2024-04-14 19:30:29,362 - CAN Wrapper -  [REPORT ] - Got data for channel 6: = 0.007
2024-04-14 19:30:29,376 - CAN Wrapper -  [REPORT ] - Got data for channel 7: = 0.005
2024-04-14 19:30:29,391 - CAN Wrapper -  [REPORT ] - Got data for channel 8: = 0.009
2024-04-14 19:30:29,405 - CAN Wrapper -  [REPORT ] - Got data for channel 9: = 0.009
2024-04-14 19:30:29,419 - CAN Wrapper -  [REPORT ] - Got data for channel 10: = 0.004
2024-04-14 19:30:29,434 - CAN Wrapper -  [REPORT ] - Got data for channel 11: = 0.006
2024-04-14 19:30:29,449 - CAN Wrapper -  [REPORT ] - Got data for channel 12: = 0.009
2024-04-14 19:30:29,463 - CAN Wrapper -  [REPORT ] - Got data for channel 13: = 0.007
2024-04-14 19:30:29,477 - CAN Wrapper -  [REPORT ] - Got data for channel 14: = 0.006
2024-04-14 19:30:29,492 - CAN Wrapper -  [REPORT ] - Got data for channel 15: = 0.007
2024-04-14 19:30:29,506 - CAN Wrapper -  [REPORT ] - Got data for channel 16: = 0.009
2024-04-14 19:30:29,521 - CAN Wrapper -  [REPORT ] - Got data for channel 17: = 0.913
2024-04-14 19:30:29,535 - CAN Wrapper -  [REPORT ] - Got data for channel 18: = 0.003
2024-04-14 19:30:29,549 - CAN Wrapper -  [REPORT ] - Got data for channel 19: = 0.01
2024-04-14 19:30:29,564 - CAN Wrapper -  [REPORT ] - Got data for channel 20: = 0.008
2024-04-14 19:30:29,578 - CAN Wrapper -  [REPORT ] - Got data for channel 21: = 0.002
2024-04-14 19:30:29,592 - CAN Wrapper -  [REPORT ] - Got data for channel 22: = 0.005
2024-04-14 19:30:29,607 - CAN Wrapper -  [REPORT ] - Got data for channel 23: = 0.008
2024-04-14 19:30:29,621 - CAN Wrapper -  [REPORT ] - Got data for channel 24: = 0.004
2024-04-14 19:30:29,635 - CAN Wrapper -  [REPORT ] - Got data for channel 25: = 0.004
2024-04-14 19:30:29,650 - CAN Wrapper -  [REPORT ] - Got data for channel 26: = 0.006
2024-04-14 19:30:29,664 - CAN Wrapper -  [REPORT ] - Got data for channel 27: = 0.007
2024-04-14 19:30:29,678 - CAN Wrapper -  [REPORT ] - Got data for channel 28: = 0.004
2024-04-14 19:30:29,693 - CAN Wrapper -  [REPORT ] - Got data for channel 29: = 0.004
2024-04-14 19:30:29,707 - CAN Wrapper -  [REPORT ] - Got data for channel 30: = 0.007
2024-04-14 19:30:29,722 - CAN Wrapper -  [REPORT ] - Got data for channel 31: = 0.006
2024-04-14 19:30:29,736 - CAN Wrapper -  [REPORT ] - Got data for channel 32: = 0.004
2024-04-14 19:30:29,750 - CAN Wrapper -  [REPORT ] - Got data for channel 33: = 0.007
2024-04-14 19:30:29,765 - CAN Wrapper -  [REPORT ] - Got data for channel 34: = 0.007
2024-04-14 19:30:29,765 - CAN Wrapper -  [NOTICE ] - ADC data are saved to /home/dcs/git/canmops/output_data/adc_data_trial
2024-04-14 19:30:29,765 - CAN Wrapper -  [NOTICE ] - Error counters: Counter({'SDO read total': 161, 'Residual CAN messages': 0})
2024-04-14 19:30:29,765 - CAN Wrapper -  [WARNING] - Stopping helper threads. This might take a minute
2024-04-14 19:30:29,766 - CAN Wrapper -  [WARNING] - Closing the CAN channel.
2024-04-14 19:30:29,766 - CAN Wrapper -  [WARNING] - Stopping the server.
